<?xml version="1.0" encoding="UTF-8"?>
<!-- Generated by org.testng.reporters.JUnitXMLReporter -->
<testsuite ignored="0" hostname="SwathiAnand" failures="0" tests="2" name="Error Validations Test" time="25.321" errors="0" timestamp="2025-04-14T19:05:02 IST">
  <testcase classname="RSA.tests.ErrorValidationsTest" name="LoginErrorValidation" time="0.809"/>
  <testcase classname="RSA.tests.ErrorValidationsTest" name="ProductErrorValidation" time="14.729"/>
</testsuite> <!-- Error Validations Test -->
