<?xml version="1.0" encoding="UTF-8"?>
<!-- Generated by org.testng.reporters.JUnitXMLReporter -->
<testsuite ignored="0" hostname="SwathiAnand" failures="0" tests="3" name="Submit Order Test" time="46.494" errors="0" timestamp="2025-04-14T19:05:22 IST">
  <testcase classname="RSA.tests.SubmitOrderTest" name="submitOrder" time="16.235"/>
  <testcase classname="RSA.tests.SubmitOrderTest" name="submitOrder" time="15.739"/>
  <testcase classname="RSA.tests.SubmitOrderTest" name="OrderHistoryTest" time="0.979"/>
</testsuite> <!-- Submit Order Test -->
