<?xml version="1.0" encoding="UTF-8"?>
<!-- Generated by org.testng.reporters.JUnitXMLReporter -->
<testsuite ignored="1" hostname="SwathiAnand" failures="0" tests="1" name="Error Validations Test" time="7.469" errors="0" timestamp="2025-04-16T20:11:07 IST">
  <testcase classname="RSA.tests.ErrorValidationsTest" name="LoginErrorValidation" time="1.084"/>
  <testcase classname="RSA.tests.ErrorValidationsTest" name="ProductErrorValidation" time="0.0">
    <ignored/>
  </testcase> <!-- ProductErrorValidation -->
</testsuite> <!-- Error Validations Test -->
