<?xml version="1.0" encoding="UTF-8"?>
<testng-results ignored="3" total="4" passed="1" failed="0" skipped="0">
  <reporter-output>
  </reporter-output>
  <suite started-at="2025-04-16T20:11:00 IST" name="Suite" finished-at="2025-04-16T20:11:07 IST" duration-ms="7469">
    <groups>
      <group name="ErrorHandling">
        <method signature="ErrorValidationsTest.LoginErrorValidation()[pri:0, instance:RSA.tests.ErrorValidationsTest@1573f9fc]" name="LoginErrorValidation" class="RSA.tests.ErrorValidationsTest"/>
      </group> <!-- ErrorHandling -->
    </groups>
    <test started-at="2025-04-16T20:11:00 IST" name="Submit Order Test" finished-at="2025-04-16T20:11:00 IST" duration-ms="15">
    </test> <!-- Submit Order Test -->
    <test started-at="2025-04-16T20:11:00 IST" name="Error Validations Test" finished-at="2025-04-16T20:11:07 IST" duration-ms="7469">
      <class name="RSA.tests.ErrorValidationsTest">
        <test-method is-config="true" signature="launchApplication()[pri:0, instance:RSA.tests.ErrorValidationsTest@1573f9fc]" started-at="2025-04-16T20:11:00 IST" name="launchApplication" finished-at="2025-04-16T20:11:06 IST" duration-ms="5860" status="PASS">
          <reporter-output>
          </reporter-output>
        </test-method> <!-- launchApplication -->
        <test-method signature="LoginErrorValidation()[pri:0, instance:RSA.tests.ErrorValidationsTest@1573f9fc]" started-at="2025-04-16T20:11:06 IST" name="LoginErrorValidation" finished-at="2025-04-16T20:11:07 IST" duration-ms="1084" status="PASS">
          <reporter-output>
          </reporter-output>
        </test-method> <!-- LoginErrorValidation -->
        <test-method is-config="true" signature="tearDown()[pri:0, instance:RSA.tests.ErrorValidationsTest@1573f9fc]" started-at="2025-04-16T20:11:07 IST" name="tearDown" finished-at="2025-04-16T20:11:07 IST" duration-ms="411" status="PASS">
          <reporter-output>
          </reporter-output>
        </test-method> <!-- tearDown -->
      </class> <!-- RSA.tests.ErrorValidationsTest -->
    </test> <!-- Error Validations Test -->
  </suite> <!-- Suite -->
</testng-results>
